File started Timestamp: Fri 08 Nov 2019 12:49:24 PST
12:49:24.369 [main] INFO  Timestamp: Fri 08 Nov 2019 12:49:24 PST

12:49:25.841 [main] INFO  Timestamp: Fri 08 Nov 2019 12:49:25 PST

12:49:25.846 [main] INFO  Timestamp: Fri 08 Nov 2019 12:49:25 PST

12:49:26.169 [main] WARN  ConfigManager: org.lockss.platform.diskSpacePaths not specified, not configuring local data dir
12:49:26.184 [main] WARN  ConfigManager: org.lockss.platform.diskSpacePaths not specified, not configuring local data dir
12:49:26.200 [main] INFO  ConfigManager: Config updated, 4 keys from foo
12:49:26.200 [main] INFO  ConfigManager: New TdbAus: 0
12:49:26.215 [main] INFO  ConfigManager: Config updated, 4 keys from foo
12:49:26.215 [main] INFO  ConfigManager: New TdbAus: 0
12:49:26.765 [main] INFO  AlertManagerImpl: Installing allEmail config, to: null
12:49:26.767 [main] INFO  AlertManagerImpl: Installing allEmail config, to: null
12:49:26.828 [main] INFO  CrawlManagerImpl: Globally permitted host patterns: []
12:49:26.828 [main] INFO  CrawlManagerImpl: Globally permitted host patterns: []
12:49:26.828 [main] INFO  CrawlManagerImpl: Allowed plugin permitted host patterns: []
12:49:26.828 [main] INFO  CrawlManagerImpl: Allowed plugin permitted host patterns: []
12:49:27.111 [main] WARN  ConfigManager: org.lockss.platform.diskSpacePaths not specified, not configuring local data dir
12:49:27.113 [main] INFO  ConfigManager: Config updated, 4 keys from foo
12:49:27.113 [main] INFO  ConfigManager: New TdbAus: 0
12:49:27.121 [main] INFO  AlertManagerImpl: Installing allEmail config, to: null
12:49:27.123 [main] INFO  CrawlManagerImpl: Globally permitted host patterns: []
12:49:27.124 [main] INFO  CrawlManagerImpl: Allowed plugin permitted host patterns: []
12:49:27.127 [main] WARN  ConfigManager: org.lockss.platform.diskSpacePaths not specified, not configuring local data dir
12:49:27.129 [main] INFO  ConfigManager: Config updated, 4 keys from foo
12:49:27.129 [main] INFO  ConfigManager: New TdbAus: 0
12:49:27.137 [main] INFO  AlertManagerImpl: Installing allEmail config, to: null
12:49:27.140 [main] INFO  CrawlManagerImpl: Globally permitted host patterns: []
12:49:27.141 [main] INFO  CrawlManagerImpl: Allowed plugin permitted host patterns: []
12:49:27.145 [main] WARN  ConfigManager: org.lockss.platform.diskSpacePaths not specified, not configuring local data dir
12:49:27.150 [main] INFO  ConfigManager: Config updated, 4 keys from foo
12:49:27.151 [main] INFO  ConfigManager: New TdbAus: 0
12:49:27.157 [main] INFO  AlertManagerImpl: Installing allEmail config, to: null
12:49:27.160 [main] INFO  CrawlManagerImpl: Globally permitted host patterns: []
12:49:27.160 [main] INFO  CrawlManagerImpl: Allowed plugin permitted host patterns: []
12:49:34.243 [main] INFO  Timestamp: Fri 08 Nov 2019 12:49:34 PST

12:49:35.363 [main] INFO  PluginPackager: Wrote and signed /Users/claire/projects/lockss/gnh-plugins/target/pluginjars/org.lockss.plugin.clockss.ClockssDirSourcePlugin.jar
12:49:35.688 [main] INFO  PluginPackager: Wrote and signed /Users/claire/projects/lockss/gnh-plugins/target/pluginjars/org.lockss.plugin.gnh.ClockssGnhSourcePlugin.jar
12:49:35.689 [main] INFO  PluginPackager: Found 2 plugins, (re)built 2 jars, 0 not modified, 0 excluded. 0 failed.
